<?xml version="1.0" encoding="UTF-8"?>
<!-- Generated by org.testng.reporters.JUnitXMLReporter -->
<testsuite hostname="DESKTOP-9FLSIDR" ignored="0" name="Sample test" tests="3" failures="0" timestamp="15 May 2020 22:20:50 GMT" time="115.542" errors="0">
  <testcase name="homeScreen" time="21.293" classname="com.training.sanity.tests.LoginTests"/>
  <testcase name="validprofiledetails" time="12.99" classname="com.training.sanity.tests.LoginTests"/>
  <testcase name="deletepost" time="14.93" classname="com.training.sanity.tests.LoginTests"/>
</testsuite> <!-- Sample test -->
