<?xml version="1.0" encoding="UTF-8"?>
<!-- Generated by org.testng.reporters.JUnitXMLReporter -->
<testsuite hostname="DESKTOP-9FLSIDR" ignored="0" name="Sample test" tests="6" failures="0" timestamp="21 May 2020 04:54:45 GMT" time="179.011" errors="0">
  <testcase name="loginDBTest" time="8.44" classname="com.training.regression.tests.LoginExcelTest"/>
  <testcase name="loginDBTest1" time="18.535" classname="com.training.regression.tests.LoginExcelTest"/>
  <testcase name="loginDBTest1" time="18.461" classname="com.training.regression.tests.LoginExcelTest"/>
  <testcase name="loginDBTest1" time="18.429" classname="com.training.regression.tests.LoginExcelTest"/>
  <testcase name="loginDBTest" time="3.409" classname="com.training.regression.tests.LoginDBTest"/>
  <testcase name="loginDBTest" time="3.373" classname="com.training.regression.tests.LoginDBTest"/>
</testsuite> <!-- Sample test -->
