<?xml version="1.0" encoding="UTF-8"?>
<testng-results skipped="0" failed="0" ignored="0" total="3" passed="3">
  <reporter-output>
  </reporter-output>
  <suite name="Sample test Suite" duration-ms="115542" started-at="2020-05-15T22:18:54Z" finished-at="2020-05-15T22:20:50Z">
    <groups>
    </groups>
    <test name="Sample test" duration-ms="115542" started-at="2020-05-15T22:18:54Z" finished-at="2020-05-15T22:20:50Z">
      <class name="com.training.sanity.tests.LoginTests">
        <test-method status="PASS" signature="setUpBeforeClass()[pri:0, instance:com.training.sanity.tests.LoginTests@482f8f11]" name="setUpBeforeClass" is-config="true" duration-ms="15" started-at="2020-05-15T17:18:54Z" finished-at="2020-05-15T17:18:54Z">
          <reporter-output>
          </reporter-output>
        </test-method> <!-- setUpBeforeClass -->
        <test-method status="PASS" signature="setUp()[pri:0, instance:com.training.sanity.tests.LoginTests@482f8f11]" name="setUp" is-config="true" duration-ms="21715" started-at="2020-05-15T17:18:54Z" finished-at="2020-05-15T17:19:16Z">
          <reporter-output>
          </reporter-output>
        </test-method> <!-- setUp -->
        <test-method status="PASS" signature="homeScreen()[pri:0, instance:com.training.sanity.tests.LoginTests@482f8f11]" name="homeScreen" duration-ms="21293" started-at="2020-05-15T17:19:16Z" finished-at="2020-05-15T17:19:37Z">
          <reporter-output>
          </reporter-output>
        </test-method> <!-- homeScreen -->
        <test-method status="PASS" signature="tearDown()[pri:0, instance:com.training.sanity.tests.LoginTests@482f8f11]" name="tearDown" is-config="true" duration-ms="1878" started-at="2020-05-15T17:19:37Z" finished-at="2020-05-15T17:19:39Z">
          <reporter-output>
          </reporter-output>
        </test-method> <!-- tearDown -->
        <test-method status="PASS" signature="setUp()[pri:0, instance:com.training.sanity.tests.LoginTests@482f8f11]" name="setUp" is-config="true" duration-ms="20796" started-at="2020-05-15T17:19:39Z" finished-at="2020-05-15T17:20:00Z">
          <reporter-output>
          </reporter-output>
        </test-method> <!-- setUp -->
        <test-method status="PASS" signature="validprofiledetails()[pri:1, instance:com.training.sanity.tests.LoginTests@482f8f11]" name="validprofiledetails" duration-ms="12990" started-at="2020-05-15T17:20:00Z" finished-at="2020-05-15T17:20:13Z">
          <reporter-output>
          </reporter-output>
        </test-method> <!-- validprofiledetails -->
        <test-method status="PASS" signature="tearDown()[pri:0, instance:com.training.sanity.tests.LoginTests@482f8f11]" name="tearDown" is-config="true" duration-ms="1829" started-at="2020-05-15T17:20:13Z" finished-at="2020-05-15T17:20:15Z">
          <reporter-output>
          </reporter-output>
        </test-method> <!-- tearDown -->
        <test-method status="PASS" signature="setUp()[pri:0, instance:com.training.sanity.tests.LoginTests@482f8f11]" name="setUp" is-config="true" duration-ms="18258" started-at="2020-05-15T17:20:15Z" finished-at="2020-05-15T17:20:33Z">
          <reporter-output>
          </reporter-output>
        </test-method> <!-- setUp -->
        <test-method status="PASS" signature="deletepost()[pri:2, instance:com.training.sanity.tests.LoginTests@482f8f11]" name="deletepost" duration-ms="14930" started-at="2020-05-15T17:20:33Z" finished-at="2020-05-15T17:20:48Z">
          <reporter-output>
          </reporter-output>
        </test-method> <!-- deletepost -->
        <test-method status="PASS" signature="tearDown()[pri:0, instance:com.training.sanity.tests.LoginTests@482f8f11]" name="tearDown" is-config="true" duration-ms="1822" started-at="2020-05-15T17:20:48Z" finished-at="2020-05-15T17:20:50Z">
          <reporter-output>
          </reporter-output>
        </test-method> <!-- tearDown -->
      </class> <!-- com.training.sanity.tests.LoginTests -->
    </test> <!-- Sample test -->
  </suite> <!-- Sample test Suite -->
</testng-results>
